0 info it worked if it ends with ok
1 verbose cli [ 'C:\\Program Files\\nodejs\\node.exe',
1 verbose cli   'C:\\Users\\BYENDS\\AppData\\Roaming\\npm\\node_modules\\cnpm\\node_modules\\npm\\bin\\npm-cli.js',
1 verbose cli   '--userconfig=C:\\Users\\BYENDS\\.cnpmrc',
1 verbose cli   '--disturl=https://npm.taobao.org/mirrors/node',
1 verbose cli   '--registry=https://registry.npm.taobao.org',
1 verbose cli   'run',
1 verbose cli   'install' ]
2 info using npm@3.10.10
3 info using node@v6.9.2
4 verbose run-script [ 'preinstall', 'install', 'postinstall' ]
5 info lifecycle demo@1.0.0~preinstall: demo@1.0.0
6 silly lifecycle demo@1.0.0~preinstall: no script for preinstall, continuing
7 info lifecycle demo@1.0.0~install: demo@1.0.0
8 verbose lifecycle demo@1.0.0~install: unsafe-perm in lifecycle true
9 verbose lifecycle demo@1.0.0~install: PATH: C:\Users\BYENDS\AppData\Roaming\npm\node_modules\cnpm\node_modules\npm\bin\node-gyp-bin;D:\Github\art-template-loader\demo\node_modules\.bin;D:\Program Files\cmder_mini\bin;D:\Program Files\cmder_mini\vendor\conemu-maximus5\ConEmu\Scripts;D:\Program Files\cmder_mini\vendor\conemu-maximus5;D:\Program Files\cmder_mini\vendor\conemu-maximus5\ConEmu;C:\ProgramData\Oracle\Java\javapath;C:\WINDOWS\system32;C:\WINDOWS;C:\WINDOWS\System32\Wbem;C:\WINDOWS\System32\WindowsPowerShell\v1.0\;C:\Program Files\Git\cmd;C:\Program Files\Git\mingw64\bin;C:\Program Files\Git\usr\bin;C:\Program Files\TortoiseSVN\bin;C:\Program Files\nodejs\;D:\php-7;D:\phantomjs211;C:\HashiCorp\Vagrant\bin;D:\Python36\Scripts\;D:\Python36\;C:\Ruby22-x64\bin;C:\Program Files (x86)\Microsoft VS Code\bin;C:\Users\BYENDS\AppData\Roaming\npm;C:\Users\BYENDS\AppData\Local\Microsoft\WindowsApps;;C:\Program Files\Git\usr\bin;C:\Program Files\Git\usr\share\vim\vim74;D:\Program Files\cmder_mini\
10 verbose lifecycle demo@1.0.0~install: CWD: D:\Github\art-template-loader\demo
11 silly lifecycle demo@1.0.0~install: Args: [ '/d /s /c',
11 silly lifecycle   'cnpm install && (cd .. && cnpm install) && exit 1' ]
12 silly lifecycle demo@1.0.0~install: Returned: code: 1  signal: null
13 info lifecycle demo@1.0.0~install: Failed to exec install script
14 verbose stack Error: demo@1.0.0 install: `cnpm install && (cd .. && cnpm install) && exit 1`
14 verbose stack Exit status 1
14 verbose stack     at EventEmitter.<anonymous> (C:\Users\BYENDS\AppData\Roaming\npm\node_modules\cnpm\node_modules\npm\lib\utils\lifecycle.js:255:16)
14 verbose stack     at emitTwo (events.js:106:13)
14 verbose stack     at EventEmitter.emit (events.js:191:7)
14 verbose stack     at ChildProcess.<anonymous> (C:\Users\BYENDS\AppData\Roaming\npm\node_modules\cnpm\node_modules\npm\lib\utils\spawn.js:40:14)
14 verbose stack     at emitTwo (events.js:106:13)
14 verbose stack     at ChildProcess.emit (events.js:191:7)
14 verbose stack     at maybeClose (internal/child_process.js:877:16)
14 verbose stack     at Process.ChildProcess._handle.onexit (internal/child_process.js:226:5)
15 verbose pkgid demo@1.0.0
16 verbose cwd D:\Github\art-template-loader\demo
17 error Windows_NT 10.0.14393
18 error argv "C:\\Program Files\\nodejs\\node.exe" "C:\\Users\\BYENDS\\AppData\\Roaming\\npm\\node_modules\\cnpm\\node_modules\\npm\\bin\\npm-cli.js" "--userconfig=C:\\Users\\BYENDS\\.cnpmrc" "--disturl=https://npm.taobao.org/mirrors/node" "--registry=https://registry.npm.taobao.org" "run" "install"
19 error node v6.9.2
20 error npm  v3.10.10
21 error code ELIFECYCLE
22 error demo@1.0.0 install: `cnpm install && (cd .. && cnpm install) && exit 1`
22 error Exit status 1
23 error Failed at the demo@1.0.0 install script 'cnpm install && (cd .. && cnpm install) && exit 1'.
23 error Make sure you have the latest version of node.js and npm installed.
23 error If you do, this is most likely a problem with the demo package,
23 error not with npm itself.
23 error Tell the author that this fails on your system:
23 error     cnpm install && (cd .. && cnpm install) && exit 1
23 error You can get information on how to open an issue for this project with:
23 error     npm bugs demo
23 error Or if that isn't available, you can get their info via:
23 error     npm owner ls demo
23 error There is likely additional logging output above.
24 verbose exit [ 1, true ]
